#
# There is insufficient memory for the Java Runtime Environment to continue.
# Native memory allocation (mmap) failed to map 260046848 bytes for G1 virtual space
# Possible reasons:
#   The system is out of physical RAM or swap space
#   The process is running with CompressedOops enabled, and the Java Heap may be blocking the growth of the native heap
# Possible solutions:
#   Reduce memory load on the system
#   Increase physical memory or swap space
#   Check if swap backing store is full
#   Decrease Java heap size (-Xmx/-Xms)
#   Decrease number of Java threads
#   Decrease Java thread stack sizes (-Xss)
#   Set larger code cache with -XX:ReservedCodeCacheSize=
#   JVM is running with Zero Based Compressed Oops mode in which the Java heap is
#     placed in the first 32GB address space. The Java Heap base address is the
#     maximum limit for the native heap growth. Please use -XX:HeapBaseMinAddress
#     to set the Java Heap base and to place the Java Heap above 32GB virtual address.
# This output file may be truncated or incomplete.
#
#  Out of Memory Error (os_windows.cpp:3548), pid=25332, tid=11604
#
# JRE version:  (17.0.12+8) (build )
# Java VM: Java HotSpot(TM) 64-Bit Server VM (17.0.12+8-LTS-286, mixed mode, sharing, tiered, compressed oops, compressed class ptrs, g1 gc, windows-amd64)
# No core dump will be written. Minidumps are not enabled by default on client versions of Windows
#

---------------  S U M M A R Y ------------

Command Line: 

Host: AMD Ryzen 7 4700U with Radeon Graphics         , 8 cores, 15G,  Windows 11 , 64 bit Build 26100 (10.0.26100.6725)
Time: Mon May 25 16:40:52 2026  Windows 11 , 64 bit Build 26100 (10.0.26100.6725) elapsed time: 0.059135 seconds (0d 0h 0m 0s)

---------------  T H R E A D  ---------------

Current thread (0x000001e0e36b6a00):  JavaThread "Unknown thread" [_thread_in_vm, id=11604, stack(0x0000009b7b400000,0x0000009b7b500000)]

Stack: [0x0000009b7b400000,0x0000009b7b500000]
Native frames: (J=compiled Java code, j=interpreted, Vv=VM code, C=native code)
V  [jvm.dll+0x67a04a]
V  [jvm.dll+0x7da4ed]
V  [jvm.dll+0x7dbe33]
V  [jvm.dll+0x7dc4a3]
V  [jvm.dll+0x24508f]
V  [jvm.dll+0x677089]
V  [jvm.dll+0x66bd32]
V  [jvm.dll+0x301fa6]
V  [jvm.dll+0x309546]
V  [jvm.dll+0x359d2e]
V  [jvm.dll+0x359f5f]
V  [jvm.dll+0x2d9078]
V  [jvm.dll+0x2d9fe4]
V  [jvm.dll+0x7aca21]
V  [jvm.dll+0x367591]
V  [jvm.dll+0x78b999]
V  [jvm.dll+0x3ec83f]
V  [jvm.dll+0x3ee471]
C  [jli.dll+0x5297]
C  [ucrtbase.dll+0x37b0]
C  [KERNEL32.DLL+0x2e8d7]
C  [ntdll.dll+0x8c53c]


---------------  P R O C E S S  ---------------

Threads class SMR info:
_java_thread_list=0x00007ff8ce737a18, length=0, elements={
}

Java Threads: ( => current thread )

Other Threads:
  0x000001e0db8a6d60 GCTaskThread "GC Thread#0" [stack: 0x0000009b7b500000,0x0000009b7b600000] [id=38880]
  0x000001e0e3650b80 ConcurrentGCThread "G1 Main Marker" [stack: 0x0000009b7b600000,0x0000009b7b700000] [id=17948]
  0x000001e0e3650e50 ConcurrentGCThread "G1 Conc#0" [stack: 0x0000009b7b700000,0x0000009b7b800000] [id=21368]

[error occurred during error reporting (printing all threads), id 0xc0000005, EXCEPTION_ACCESS_VIOLATION (0xc0000005) at pc=0x00007ff8cdf69b67]

VM state: not at safepoint (not fully initialized)

VM Mutex/Monitor currently owned by a thread:  ([mutex/lock_event])
[0x000001e0e3652650] Heap_lock - owner thread: 0x000001e0e36b6a00

Heap address: 0x0000000709200000, size: 3950 MB, Compressed Oops mode: Zero based, Oop shift amount: 3

CDS archive(s) mapped at: [0x0000000000000000-0x0000000000000000-0x0000000000000000), size 0, SharedBaseAddress: 0x0000000800000000, ArchiveRelocationMode: 1.
Narrow klass base: 0x0000000000000000, Narrow klass shift: 0, Narrow klass range: 0x0

GC Precious Log:
<Empty>

Heap:
 garbage-first heap   total 0K, used 0K [0x0000000709200000, 0x0000000800000000)
  region size 2048K, 0 young (0K), 0 survivors (0K)

[error occurred during error reporting (printing heap information), id 0xc0000005, EXCEPTION_ACCESS_VIOLATION (0xc0000005) at pc=0x00007ff8ce353859]

GC Heap History (0 events):
No events

Deoptimization events (0 events):
No events

Classes unloaded (0 events):
No events

Classes redefined (0 events):
No events

Internal exceptions (0 events):
No events

VM Operations (0 events):
No events

Events (1 events):
Event: 0.037 Loaded shared library D:\Program Files\Java\jdk-17\bin\java.dll


Dynamic libraries:
0x00007ff654780000 - 0x00007ff654790000 	D:\Program Files\Java\jdk-17\bin\java.exe
0x00007ff9275a0000 - 0x00007ff927808000 	C:\WINDOWS\SYSTEM32\ntdll.dll
0x00007ff926b20000 - 0x00007ff926be9000 	C:\WINDOWS\System32\KERNEL32.DLL
0x00007ff924ab0000 - 0x00007ff924ea2000 	C:\WINDOWS\System32\KERNELBASE.dll
0x00007ff8dedc0000 - 0x00007ff8dee6f000 	c:\Users\ZXJ\AppData\Local\Programs\Trae CN\resources\app\modules\sandbox\x64\trae_sbox.dll
0x00007ff9257a0000 - 0x00007ff925854000 	C:\WINDOWS\System32\ADVAPI32.dll
0x00007ff925440000 - 0x00007ff9254e9000 	C:\WINDOWS\System32\msvcrt.dll
0x00007ff927360000 - 0x00007ff927406000 	C:\WINDOWS\System32\sechost.dll
0x00007ff927240000 - 0x00007ff927358000 	C:\WINDOWS\System32\RPCRT4.dll
0x00007ff924960000 - 0x00007ff924aab000 	C:\WINDOWS\System32\ucrtbase.dll
0x00007ff917840000 - 0x00007ff91785b000 	D:\Program Files\Java\jdk-17\bin\VCRUNTIME140.dll
0x00007ff917820000 - 0x00007ff917839000 	D:\Program Files\Java\jdk-17\bin\jli.dll
0x00007ff925940000 - 0x00007ff925b05000 	C:\WINDOWS\System32\USER32.dll
0x00007ff925150000 - 0x00007ff925177000 	C:\WINDOWS\System32\win32u.dll
0x00007ff926e60000 - 0x00007ff926e8b000 	C:\WINDOWS\System32\GDI32.dll
0x00007ff925240000 - 0x00007ff92536d000 	C:\WINDOWS\System32\gdi32full.dll
0x00007ff924730000 - 0x00007ff9247d3000 	C:\WINDOWS\System32\msvcp_win.dll
0x00007ff912100000 - 0x00007ff912393000 	C:\WINDOWS\WinSxS\amd64_microsoft.windows.common-controls_6595b64144ccf1df_6.0.26100.6899_none_3e0efeeae32e88c1\COMCTL32.dll
0x00007ff924240000 - 0x00007ff92424b000 	C:\WINDOWS\SYSTEM32\VERSION.dll
0x00007ff8e7020000 - 0x00007ff8e70b0000 	c:\Users\ZXJ\AppData\Local\Programs\Trae CN\resources\app\modules\sandbox\x64\sbox_ipc.dll
0x00007ff925400000 - 0x00007ff92542f000 	C:\WINDOWS\System32\IMM32.DLL
0x0000000052890000 - 0x000000005289d000 	C:\Program Files (x86)\360\360Safe\safemon\SafeWrapper.dll
0x00007ff921af0000 - 0x00007ff921d32000 	C:\WINDOWS\SYSTEM32\dbghelp.dll
0x00007ff926ec0000 - 0x00007ff92723b000 	C:\WINDOWS\System32\combase.dll
0x00007ff925860000 - 0x00007ff925937000 	C:\WINDOWS\System32\OLEAUT32.dll
0x00007ff90cbe0000 - 0x00007ff90cc1c000 	C:\WINDOWS\SYSTEM32\dbgcore.DLL
0x00007ff91f250000 - 0x00007ff91f355000 	C:\Program Files (x86)\360\360Safe\safemon\libzdtp64.dll
0x00007ff9263c0000 - 0x00007ff926b0d000 	C:\WINDOWS\System32\SHELL32.dll
0x00007ff924f50000 - 0x00007ff9250bb000 	C:\WINDOWS\System32\wintypes.dll
0x00007ff9274f0000 - 0x00007ff927552000 	C:\WINDOWS\System32\SHLWAPI.dll
0x00007ff91a430000 - 0x00007ff91a43c000 	D:\Program Files\Java\jdk-17\bin\vcruntime140_1.dll
0x00007ff8de170000 - 0x00007ff8de1fe000 	D:\Program Files\Java\jdk-17\bin\msvcp140.dll
0x00007ff8cdc80000 - 0x00007ff8ce860000 	D:\Program Files\Java\jdk-17\bin\server\jvm.dll
0x00007ff926c90000 - 0x00007ff926c98000 	C:\WINDOWS\System32\PSAPI.DLL
0x00007ff91f130000 - 0x00007ff91f13a000 	C:\WINDOWS\SYSTEM32\WSOCK32.dll
0x00007ff925380000 - 0x00007ff9253f4000 	C:\WINDOWS\System32\WS2_32.dll
0x00007ff91dcc0000 - 0x00007ff91dcf5000 	C:\WINDOWS\SYSTEM32\WINMM.dll
0x00007ff923400000 - 0x00007ff92341b000 	C:\WINDOWS\SYSTEM32\kernel.appcore.dll
0x00007ff919ad0000 - 0x00007ff919ada000 	D:\Program Files\Java\jdk-17\bin\jimage.dll
0x00007ff924eb0000 - 0x00007ff924f48000 	C:\WINDOWS\System32\bcryptPrimitives.dll
0x00007ff922f90000 - 0x00007ff9230b6000 	C:\WINDOWS\SYSTEM32\dnsapi.dll
0x00007ff924250000 - 0x00007ff924284000 	C:\WINDOWS\SYSTEM32\IPHLPAPI.DLL
0x00007ff925370000 - 0x00007ff92537a000 	C:\WINDOWS\System32\NSI.dll
0x00007ff9123f0000 - 0x00007ff912415000 	D:\Program Files\Java\jdk-17\bin\java.dll

dbghelp: loaded successfully - version: 4.0.5 - missing functions: none
symbol engine: initialized successfully - sym options: 0x614 - pdb path: .;D:\Program Files\Java\jdk-17\bin;C:\WINDOWS\SYSTEM32;c:\Users\ZXJ\AppData\Local\Programs\Trae CN\resources\app\modules\sandbox\x64;C:\WINDOWS\WinSxS\amd64_microsoft.windows.common-controls_6595b64144ccf1df_6.0.26100.6899_none_3e0efeeae32e88c1;C:\Program Files (x86)\360\360Safe\safemon;D:\Program Files\Java\jdk-17\bin\server

VM Arguments:
java_command: <unknown>
java_class_path (initial): <not set>
Launcher Type: SUN_STANDARD

[Global flags]
     intx CICompilerCount                          = 4                                         {product} {ergonomic}
     uint ConcGCThreads                            = 2                                         {product} {ergonomic}
     uint G1ConcRefinementThreads                  = 8                                         {product} {ergonomic}
   size_t G1HeapRegionSize                         = 2097152                                   {product} {ergonomic}
    uintx GCDrainStackTargetSize                   = 64                                        {product} {ergonomic}
   size_t InitialHeapSize                          = 260046848                                 {product} {ergonomic}
   size_t MarkStackSize                            = 4194304                                   {product} {ergonomic}
   size_t MaxHeapSize                              = 4141875200                                {product} {ergonomic}
   size_t MinHeapDeltaBytes                        = 2097152                                   {product} {ergonomic}
   size_t MinHeapSize                              = 8388608                                   {product} {ergonomic}
    uintx NonNMethodCodeHeapSize                   = 5839372                                {pd product} {ergonomic}
    uintx NonProfiledCodeHeapSize                  = 122909434                              {pd product} {ergonomic}
    uintx ProfiledCodeHeapSize                     = 122909434                              {pd product} {ergonomic}
    uintx ReservedCodeCacheSize                    = 251658240                              {pd product} {ergonomic}
     bool SegmentedCodeCache                       = true                                      {product} {ergonomic}
   size_t SoftMaxHeapSize                          = 4141875200                             {manageable} {ergonomic}
     bool UseCompressedClassPointers               = true                           {product lp64_product} {ergonomic}
     bool UseCompressedOops                        = true                           {product lp64_product} {ergonomic}
     bool UseG1GC                                  = true                                      {product} {ergonomic}
     bool UseLargePagesIndividualAllocation        = false                                  {pd product} {ergonomic}

Logging:
Log output configuration:
 #0: stdout all=warning uptime,level,tags
 #1: stderr all=off uptime,level,tags

Environment Variables:
JAVA_HOME=D:\Program Files\Java\jdk-17
PATH=c:\\Users\\ZXJ\\.trae-cn\\tools\\trae-gopls\\current;c:\\Users\\ZXJ\\.trae-cn\\sdks\\workspaces\\b24f2bb0\\versions\\node\\current;c:\\Users\\ZXJ\\.trae-cn\\sdks\\versions\\node\\current;c:\Users\ZXJ\.trae-cn\tools\trae-gopls\current;c:\Users\ZXJ\.trae-cn\sdks\workspaces\b24f2bb0\versions\node\current;c:\Users\ZXJ\.trae-cn\sdks\versions\node\current;C:\Program Files\Common Files\Oracle\Java\javapath;C:\Program Files (x86)\VMware\VMware Workstation\bin\;C:\Windows\system32;C:\Windows;C:\Windows\System32\Wbem;C:\Windows\System32\WindowsPowerShell\v1.0\;C:\Windows\System32\OpenSSH\;D:\Program Files (x86)\NetSarang\Xshell 7\;D:\Program Files\nodejs\node_global;C:\apache-tomcat-9.0.78\bin;e:\Program Files\Microsoft VS Code\bin;D:\Program Files\IDM Computer Solutions\UltraEdit;C:\WINDOWS\system32;C:\WINDOWS;C:\WINDOWS\System32\Wbem;C:\WINDOWS\System32\WindowsPowerShell\v1.0\;C:\WINDOWS\System32\OpenSSH\;D:\Program Files\nodejs\;C:\Program Files\Git\cmd;D:\apache-maven-3.9.15\bin;D:\Program Files\Java\jdk-17\bin;;D:\Program Files\Go\bin;C:\Program Files\Docker\Docker\resources\bin;D:\Programs\Python\Python314\Scripts\;D:\Programs\Python\Python314\;C:\Users\ZXJ\AppData\Local\Programs\Python\Launcher\;c:\Users\ZXJ\AppData\Local\Programs\Trae CN\bin;C:\Users\ZXJ\AppData\Local\Microsoft\WindowsApps;d:\Programs\Microsoft VS Code\bin;C:\Users\ZXJ\AppData\Local\Microsoft\WindowsApps;d:\Program Files\JetBrains\IntelliJ IDEA Community Edition 2025.2.6.1\bin;d:\Program Files\JetBrains\PyCharm Community Edition 2025.2.6\bin;C:\Users\ZXJ\AppData\Roaming\npm;C:\Users\ZXJ\go\bin
USERNAME=ZXJ
LANG=zh_CN.UTF-8
OS=Windows_NT
PROCESSOR_IDENTIFIER=AMD64 Family 23 Model 96 Stepping 1, AuthenticAMD



---------------  S Y S T E M  ---------------

OS:
 Windows 11 , 64 bit Build 26100 (10.0.26100.6725)
OS uptime: 2 days 17:54 hours
Hyper-V role detected

CPU: total 8 (initial active 8) (8 cores per cpu, 1 threads per core) family 23 model 96 stepping 1 microcode 0x8600106, cx8, cmov, fxsr, mmx, 3dnowpref, sse, sse2, sse3, ssse3, sse4a, sse4.1, sse4.2, popcnt, lzcnt, tsc, tscinvbit, avx, avx2, aes, clmul, bmi1, bmi2, adx, sha, fma, vzeroupper, clflush, clflushopt, hv

Memory: 4k page, system-wide physical 15792M (1418M free)
TotalPageFile size 37492M (AvailPageFile size 94M)
current process WorkingSet (physical memory assigned to process): 16M, peak: 16M
current process commit charge ("private bytes"): 62M, peak: 310M

vm_info: Java HotSpot(TM) 64-Bit Server VM (17.0.12+8-LTS-286) for windows-amd64 JRE (17.0.12+8-LTS-286), built on Jun  5 2024 06:46:59 by "mach5one" with MS VC++ 17.6 (VS2022)

END.
